<?xml version="1.0" encoding="UTF-8"?>
<!-- Generated by org.testng.reporters.JUnitXMLReporter -->
<testsuite hostname="BLR-AA201725" ignored="1" name="Test for the Gmail application" tests="1" failures="0" timestamp="15 May 2021 09:18:59 GMT" time="15.315" errors="0">
  <testcase name="verify_Gmail_Login_Logout_Functionality" time="8.746" classname="com.Gmail.testcases.GmailTest"/>
  <testcase name="verify_Gmail_Successful_Signup" time="0.0" classname="com.Gmail.testcases.GmailTest">
    <ignored/>
  </testcase> <!-- verify_Gmail_Successful_Signup -->
</testsuite> <!-- Test for the Gmail application -->
