<?xml version="1.0" encoding="UTF-8"?>
<testsuite xmlns:xsi="http://www.w3.org/2001/XMLSchema-instance" xsi:noNamespaceSchemaLocation="https://maven.apache.org/surefire/maven-surefire-plugin/xsd/surefire-test-report-3.0.xsd" version="3.0" name="TestSuite" time="0.532" tests="3" errors="0" skipped="2" failures="1">
  <properties>
[...]
</properties>
  <testcase name="setup" classname="com.Gmail.testcases.GmailTest" time="0.449">
    <failure type="java.lang.NullPointerException"><![CDATA[java.lang.NullPointerException
	at com.Gmail.testcases.GmailTest.setup(GmailTest.java:21)
]]></failure>
    <system-err><![CDATA[java.io.FileNotFoundException: C:\Users\pairaj01\eclipse-workspace\GmailTest\resources\config.properties (The system cannot find the file specified)
	at java.io.FileInputStream.open0(Native Method)
	at java.io.FileInputStream.open(FileInputStream.java:195)
	at java.io.FileInputStream.<init>(FileInputStream.java:138)
	at java.io.FileInputStream.<init>(FileInputStream.java:93)
	at com.Gmail.testbase.TestBase.<init>(TestBase.java:30)
	at com.Gmail.testcases.GmailTest.<init>(GmailTest.java:16)
	at sun.reflect.NativeConstructorAccessorImpl.newInstance0(Native Method)
	at sun.reflect.NativeConstructorAccessorImpl.newInstance(NativeConstructorAccessorImpl.java:62)
	at sun.reflect.DelegatingConstructorAccessorImpl.newInstance(DelegatingConstructorAccessorImpl.java:45)
	at java.lang.reflect.Constructor.newInstance(Constructor.java:423)
	at org.testng.internal.ObjectFactoryImpl.newInstance(ObjectFactoryImpl.java:29)
	at org.testng.internal.ClassHelper.createInstance1(ClassHelper.java:363)
	at org.testng.internal.ClassHelper.createInstance(ClassHelper.java:275)
	at org.testng.internal.ClassImpl.getDefaultInstance(ClassImpl.java:126)
	at org.testng.internal.ClassImpl.getInstances(ClassImpl.java:191)
	at org.testng.TestClass.getInstances(TestClass.java:100)
	at org.testng.TestClass.initTestClassesAndInstances(TestClass.java:86)
	at org.testng.TestClass.init(TestClass.java:78)
	at org.testng.TestClass.<init>(TestClass.java:41)
	at org.testng.TestRunner.initMethods(TestRunner.java:425)
	at org.testng.TestRunner.init(TestRunner.java:252)
	at org.testng.TestRunner.init(TestRunner.java:222)
	at org.testng.TestRunner.<init>(TestRunner.java:163)
	at org.testng.SuiteRunner$DefaultTestRunnerFactory.newTestRunner(SuiteRunner.java:585)
	at org.testng.SuiteRunner.init(SuiteRunner.java:189)
	at org.testng.SuiteRunner.<init>(SuiteRunner.java:136)
	at org.testng.TestNG.createSuiteRunner(TestNG.java:1375)
	at org.testng.TestNG.createSuiteRunners(TestNG.java:1355)
	at org.testng.TestNG.runSuitesLocally(TestNG.java:1209)
	at org.testng.TestNG.runSuites(TestNG.java:1133)
	at org.testng.TestNG.run(TestNG.java:1104)
	at org.apache.maven.surefire.testng.TestNGExecutor.run(TestNGExecutor.java:284)
	at org.apache.maven.surefire.testng.TestNGXmlTestSuite.execute(TestNGXmlTestSuite.java:75)
	at org.apache.maven.surefire.testng.TestNGProvider.invoke(TestNGProvider.java:119)
	at org.apache.maven.surefire.booter.ForkedBooter.runSuitesInProcess(ForkedBooter.java:428)
	at org.apache.maven.surefire.booter.ForkedBooter.execute(ForkedBooter.java:162)
	at org.apache.maven.surefire.booter.ForkedBooter.run(ForkedBooter.java:562)
	at org.apache.maven.surefire.booter.ForkedBooter.main(ForkedBooter.java:548)
]]></system-err>
  </testcase>
  <testcase name="verify_Gmail_Successful_Signup" classname="com.Gmail.testcases.GmailTest" time="0">
    <skipped/>
  </testcase>
  <testcase name="tearDown" classname="com.Gmail.testcases.GmailTest" time="0">
    <skipped/>
  </testcase>
</testsuite>