<?xml version="1.0" encoding="UTF-8"?>
<testng-results skipped="0" failed="0" ignored="1" total="2" passed="1">
  <reporter-output>
    <line>
      <![CDATA[Fetch the useremail and password from the test data sheet and set it]]>
    </line>
    <line>
      <![CDATA[Fetched the useremail and password from the test data sheet successfully]]>
    </line>
    <line>
      <![CDATA[Verify whether the success welcome message is displayed in the homepage]]>
    </line>
    <line>
      <![CDATA[Success welcome message is displayed in the homepage]]>
    </line>
    <line>
      <![CDATA[Click on the logout dropdown and verify whether the username is displayed correctly]]>
    </line>
    <line>
      <![CDATA[Username displayed in the homepage is matching]]>
    </line>
    <line>
      <![CDATA[Click on the logout button and logout of the application]]>
    </line>
    <line>
      <![CDATA[Successfully clicked on the logout button]]>
    </line>
  </reporter-output>
  <suite name="Testing Gmail Application" duration-ms="15315" started-at="2021-05-15T09:18:44Z" finished-at="2021-05-15T09:18:59Z">
    <groups>
    </groups>
    <test name="Test for the Gmail application" duration-ms="15315" started-at="2021-05-15T09:18:44Z" finished-at="2021-05-15T09:18:59Z">
      <class name="com.Gmail.testcases.GmailTest">
        <test-method status="PASS" signature="setup()[pri:0, instance:com.Gmail.testcases.GmailTest@5c3bd550]" name="setup" is-config="true" duration-ms="5731" started-at="2021-05-15T14:48:44Z" finished-at="2021-05-15T14:48:50Z">
          <reporter-output>
          </reporter-output>
        </test-method> <!-- setup -->
        <test-method status="PASS" signature="verify_Gmail_Login_Logout_Functionality()[pri:1, instance:com.Gmail.testcases.GmailTest@5c3bd550]" name="verify_Gmail_Login_Logout_Functionality" duration-ms="8746" started-at="2021-05-15T14:48:50Z" finished-at="2021-05-15T14:48:58Z">
          <reporter-output>
            <line>
              <![CDATA[Fetch the useremail and password from the test data sheet and set it]]>
            </line>
            <line>
              <![CDATA[Fetched the useremail and password from the test data sheet successfully]]>
            </line>
            <line>
              <![CDATA[Verify whether the success welcome message is displayed in the homepage]]>
            </line>
            <line>
              <![CDATA[Success welcome message is displayed in the homepage]]>
            </line>
            <line>
              <![CDATA[Click on the logout dropdown and verify whether the username is displayed correctly]]>
            </line>
            <line>
              <![CDATA[Username displayed in the homepage is matching]]>
            </line>
            <line>
              <![CDATA[Click on the logout button and logout of the application]]>
            </line>
            <line>
              <![CDATA[Successfully clicked on the logout button]]>
            </line>
          </reporter-output>
        </test-method> <!-- verify_Gmail_Login_Logout_Functionality -->
        <test-method status="PASS" signature="tearDown()[pri:0, instance:com.Gmail.testcases.GmailTest@5c3bd550]" name="tearDown" is-config="true" duration-ms="804" started-at="2021-05-15T14:48:58Z" finished-at="2021-05-15T14:48:59Z">
          <reporter-output>
          </reporter-output>
        </test-method> <!-- tearDown -->
      </class> <!-- com.Gmail.testcases.GmailTest -->
    </test> <!-- Test for the Gmail application -->
  </suite> <!-- Testing Gmail Application -->
</testng-results>
