<?xml version="1.0" encoding="UTF-8"?>
<!-- Generated by org.testng.reporters.JUnitXMLReporter -->
<testsuite hostname="BLR-AA201725" ignored="0" name="Test for the Gmail application" tests="1" failures="0" timestamp="13 May 2021 16:47:13 GMT" time="0.021" errors="0">
  <testcase name="@BeforeMethod setup" time="0.0" classname="com.Gmail.testcases.GmailTest">
    <failure type="java.lang.NullPointerException">
      <![CDATA[java.lang.NullPointerException
	at com.Gmail.testbase.TestBase.Initialization(TestBase.java:43)
	at com.Gmail.testcases.GmailTest.setup(GmailTest.java:21)
... Removed 31 stack frames]]>
    </failure>
  </testcase> <!-- @BeforeMethod setup -->
  <testcase name="@AfterMethod tearDown" time="0.0" classname="com.Gmail.testcases.GmailTest">
    <skipped/>
  </testcase> <!-- @AfterMethod tearDown -->
  <testcase name="verify_Gmail_Successful_Signup" time="0.001" classname="com.Gmail.testcases.GmailTest">
    <skipped/>
  </testcase> <!-- verify_Gmail_Successful_Signup -->
</testsuite> <!-- Test for the Gmail application -->
